<?xml version="1.0" encoding="UTF-8" standalone="no"?>
<!DOCTYPE log SYSTEM "logger.dtd">
<log>
<record>
  <date>2018-02-09T09:47:09</date>
  <millis>1518151629354</millis>
  <sequence>0</sequence>
  <level>START</level>
  <class>com.kms.katalon.core.logging.KeywordLogger</class>
  <method>startSuite</method>
  <thread>1</thread>
  <message>Start Test Suite : Test Suites/Add user role</message>
  <nestedLevel>0</nestedLevel>
  <property name="name">Add user role</property>
  <property name="description"></property>
  <property name="id">Test Suites/Add user role</property>
</record>
<record>
  <date>2018-02-09T09:47:09</date>
  <millis>1518151629372</millis>
  <sequence>1</sequence>
  <level>RUN_DATA</level>
  <class>com.kms.katalon.core.logging.KeywordLogger</class>
  <method>logMessage</method>
  <thread>1</thread>
  <message>Logging run data &amp;apos;hostName&amp;apos; with value &amp;apos;21529 - ws-3591.oasup.pnppk.ru&amp;apos;</message>
  <nestedLevel>0</nestedLevel>
  <property name="hostName">21529 - ws-3591.oasup.pnppk.ru</property>
</record>
<record>
  <date>2018-02-09T09:47:09</date>
  <millis>1518151629373</millis>
  <sequence>2</sequence>
  <level>RUN_DATA</level>
  <class>com.kms.katalon.core.logging.KeywordLogger</class>
  <method>logMessage</method>
  <thread>1</thread>
  <message>Logging run data &amp;apos;os&amp;apos; with value &amp;apos;Windows 7 64bit&amp;apos;</message>
  <nestedLevel>0</nestedLevel>
  <property name="os">Windows 7 64bit</property>
</record>
<record>
  <date>2018-02-09T09:47:09</date>
  <millis>1518151629373</millis>
  <sequence>3</sequence>
  <level>RUN_DATA</level>
  <class>com.kms.katalon.core.logging.KeywordLogger</class>
  <method>logMessage</method>
  <thread>1</thread>
  <message>Logging run data &amp;apos;hostAddress&amp;apos; with value &amp;apos;192.168.14.114&amp;apos;</message>
  <nestedLevel>0</nestedLevel>
  <property name="hostAddress">192.168.14.114</property>
</record>
<record>
  <date>2018-02-09T09:47:09</date>
  <millis>1518151629374</millis>
  <sequence>4</sequence>
  <level>RUN_DATA</level>
  <class>com.kms.katalon.core.logging.KeywordLogger</class>
  <method>logMessage</method>
  <thread>1</thread>
  <message>Logging run data &amp;apos;katalonVersion&amp;apos; with value &amp;apos;5.3.0.1&amp;apos;</message>
  <nestedLevel>0</nestedLevel>
  <property name="katalonVersion">5.3.0.1</property>
</record>
<record>
  <date>2018-02-09T09:47:09</date>
  <millis>1518151629560</millis>
  <sequence>5</sequence>
  <level>START</level>
  <class>com.kms.katalon.core.logging.KeywordLogger</class>
  <method>startTest</method>
  <thread>1</thread>
  <message>Start Test Case : Test Cases/Authorization_Admin</message>
  <nestedLevel>1</nestedLevel>
  <property name="name">Test Cases/Authorization_Admin</property>
  <property name="description"></property>
  <property name="id">Test Cases/Authorization_Admin</property>
  <property name="source">C:\\Users\\21529\\Katalon Studio\\First sample\\Test Cases\\Authorization_Admin.tc</property>
  <property name="isOptional">false</property>
</record>
<record>
  <date>2018-02-09T09:47:09</date>
  <millis>1518151629577</millis>
  <sequence>6</sequence>
  <level>INFO</level>
  <class>com.kms.katalon.core.logging.KeywordLogger</class>
  <method>logMessage</method>
  <thread>1</thread>
  <message>Evaluating variables for test case</message>
  <nestedLevel>1</nestedLevel>
</record>
<record>
  <date>2018-02-09T09:47:09</date>
  <millis>1518151629730</millis>
  <sequence>7</sequence>
  <level>START</level>
  <class>com.kms.katalon.core.logging.KeywordLogger</class>
  <method>startKeyword</method>
  <thread>1</thread>
  <message>Start action : openBrowser</message>
  <nestedLevel>1</nestedLevel>
  <property name="startLine">22</property>
  <property name="stepIndex">1</property>
</record>
<record>
  <date>2018-02-09T09:47:09</date>
  <millis>1518151629961</millis>
  <sequence>8</sequence>
  <level>INFO</level>
  <class>com.kms.katalon.core.logging.KeywordLogger</class>
  <method>logMessage</method>
  <thread>1</thread>
  <message>Opening browser</message>
  <nestedLevel>1</nestedLevel>
</record>
<record>
  <date>2018-02-09T09:47:09</date>
  <millis>1518151629965</millis>
  <sequence>9</sequence>
  <level>INFO</level>
  <class>com.kms.katalon.core.logging.KeywordLogger</class>
  <method>logMessage</method>
  <thread>1</thread>
  <message>Starting &amp;apos;Chrome&amp;apos; driver</message>
  <nestedLevel>1</nestedLevel>
</record>
<record>
  <date>2018-02-09T09:47:09</date>
  <millis>1518151629982</millis>
  <sequence>10</sequence>
  <level>INFO</level>
  <class>com.kms.katalon.core.logging.KeywordLogger</class>
  <method>logMessage</method>
  <thread>1</thread>
  <message>Action delay is set to 0 seconds</message>
  <nestedLevel>1</nestedLevel>
</record>
<record>
  <date>2018-02-09T09:47:12</date>
  <millis>1518151632434</millis>
  <sequence>12</sequence>
  <level>RUN_DATA</level>
  <class>com.kms.katalon.core.logging.KeywordLogger</class>
  <method>logMessage</method>
  <thread>1</thread>
  <message>Logging run data &amp;apos;sessionId&amp;apos; with value &amp;apos;801de9572e532a5a93c4a645ed6c4b57&amp;apos;</message>
  <nestedLevel>1</nestedLevel>
  <property name="sessionId">801de9572e532a5a93c4a645ed6c4b57</property>
</record>
<record>
  <date>2018-02-09T09:47:12</date>
  <millis>1518151632459</millis>
  <sequence>13</sequence>
  <level>RUN_DATA</level>
  <class>com.kms.katalon.core.logging.KeywordLogger</class>
  <method>logMessage</method>
  <thread>1</thread>
  <message>Logging run data &amp;apos;browser&amp;apos; with value &amp;apos;Chrome 63.0.3239.132&amp;apos;</message>
  <nestedLevel>1</nestedLevel>
  <property name="browser">Chrome 63.0.3239.132</property>
</record>
<record>
  <date>2018-02-09T09:47:12</date>
  <millis>1518151632459</millis>
  <sequence>14</sequence>
  <level>RUN_DATA</level>
  <class>com.kms.katalon.core.logging.KeywordLogger</class>
  <method>logMessage</method>
  <thread>1</thread>
  <message>Logging run data &amp;apos;platform&amp;apos; with value &amp;apos;Windows 7&amp;apos;</message>
  <nestedLevel>1</nestedLevel>
  <property name="platform">Windows 7</property>
</record>
<record>
  <date>2018-02-09T09:47:12</date>
  <millis>1518151632465</millis>
  <sequence>15</sequence>
  <level>RUN_DATA</level>
  <class>com.kms.katalon.core.logging.KeywordLogger</class>
  <method>logMessage</method>
  <thread>1</thread>
  <message>Logging run data &amp;apos;seleniumVersion&amp;apos; with value &amp;apos;3.7.1&amp;apos;</message>
  <nestedLevel>1</nestedLevel>
  <property name="seleniumVersion">3.7.1</property>
</record>
<record>
  <date>2018-02-09T09:47:12</date>
  <millis>1518151632466</millis>
  <sequence>16</sequence>
  <level>RUN_DATA</level>
  <class>com.kms.katalon.core.logging.KeywordLogger</class>
  <method>logMessage</method>
  <thread>1</thread>
  <message>Logging run data &amp;apos;proxyInformation&amp;apos; with value &amp;apos;ProxyInformation{proxyOption=NO_PROXY, proxyServerType=HTTP, password=, proxyServerAddress=, proxyServerPort=0}&amp;apos;</message>
  <nestedLevel>1</nestedLevel>
  <property name="proxyInformation">ProxyInformation{proxyOption=NO_PROXY, proxyServerType=HTTP, password=, proxyServerAddress=, proxyServerPort=0}</property>
</record>
<record>
  <date>2018-02-09T09:47:12</date>
  <millis>1518151632467</millis>
  <sequence>17</sequence>
  <level>INFO</level>
  <class>com.kms.katalon.core.logging.KeywordLogger</class>
  <method>logMessage</method>
  <thread>1</thread>
  <message>Navigating browser to: &amp;apos;http://vszokdb2:55555/#/login&amp;apos;</message>
  <nestedLevel>1</nestedLevel>
</record>
<record>
  <date>2018-02-09T09:47:13</date>
  <millis>1518151633883</millis>
  <sequence>18</sequence>
  <level>PASSED</level>
  <class>com.kms.katalon.core.logging.KeywordLogger</class>
  <method>logMessage</method>
  <thread>1</thread>
  <message>Browser is opened with url: &amp;apos;http://vszokdb2:55555/#/login&amp;apos;</message>
  <nestedLevel>1</nestedLevel>
</record>
<record>
  <date>2018-02-09T09:47:13</date>
  <millis>1518151633883</millis>
  <sequence>19</sequence>
  <level>END</level>
  <class>com.kms.katalon.core.logging.KeywordLogger</class>
  <method>endKeyword</method>
  <thread>1</thread>
  <message>End action : openBrowser</message>
  <nestedLevel>1</nestedLevel>
</record>
<record>
  <date>2018-02-09T09:47:13</date>
  <millis>1518151633884</millis>
  <sequence>20</sequence>
  <level>START</level>
  <class>com.kms.katalon.core.logging.KeywordLogger</class>
  <method>startKeyword</method>
  <thread>1</thread>
  <message>Start action : maximizeWindow</message>
  <nestedLevel>1</nestedLevel>
  <property name="startLine">24</property>
  <property name="stepIndex">2</property>
</record>
<record>
  <date>2018-02-09T09:47:13</date>
  <millis>1518151633892</millis>
  <sequence>21</sequence>
  <level>INFO</level>
  <class>com.kms.katalon.core.logging.KeywordLogger</class>
  <method>logMessage</method>
  <thread>1</thread>
  <message>Maximizing current window</message>
  <nestedLevel>1</nestedLevel>
</record>
<record>
  <date>2018-02-09T09:47:15</date>
  <millis>1518151635291</millis>
  <sequence>22</sequence>
  <level>PASSED</level>
  <class>com.kms.katalon.core.logging.KeywordLogger</class>
  <method>logMessage</method>
  <thread>1</thread>
  <message>Current window maximized</message>
  <nestedLevel>1</nestedLevel>
</record>
<record>
  <date>2018-02-09T09:47:15</date>
  <millis>1518151635291</millis>
  <sequence>23</sequence>
  <level>END</level>
  <class>com.kms.katalon.core.logging.KeywordLogger</class>
  <method>endKeyword</method>
  <thread>1</thread>
  <message>End action : maximizeWindow</message>
  <nestedLevel>1</nestedLevel>
</record>
<record>
  <date>2018-02-09T09:47:15</date>
  <millis>1518151635291</millis>
  <sequence>24</sequence>
  <level>START</level>
  <class>com.kms.katalon.core.logging.KeywordLogger</class>
  <method>startKeyword</method>
  <thread>1</thread>
  <message>Start action : waitForElementPresent</message>
  <nestedLevel>1</nestedLevel>
  <property name="startLine">26</property>
  <property name="stepIndex">3</property>
</record>
<record>
  <date>2018-02-09T09:47:15</date>
  <millis>1518151635295</millis>
  <sequence>25</sequence>
  <level>INFO</level>
  <class>com.kms.katalon.core.logging.KeywordLogger</class>
  <method>logMessage</method>
  <thread>1</thread>
  <message>Finding Test Object with id &amp;apos;Object Repository/Authorization/input_login&amp;apos;</message>
  <nestedLevel>1</nestedLevel>
</record>
<record>
  <date>2018-02-09T09:47:15</date>
  <millis>1518151635307</millis>
  <sequence>26</sequence>
  <level>INFO</level>
  <class>com.kms.katalon.core.logging.KeywordLogger</class>
  <method>logMessage</method>
  <thread>1</thread>
  <message>Checking object</message>
  <nestedLevel>1</nestedLevel>
</record>
<record>
  <date>2018-02-09T09:47:15</date>
  <millis>1518151635307</millis>
  <sequence>27</sequence>
  <level>INFO</level>
  <class>com.kms.katalon.core.logging.KeywordLogger</class>
  <method>logMessage</method>
  <thread>1</thread>
  <message>Checking timeout</message>
  <nestedLevel>1</nestedLevel>
</record>
<record>
  <date>2018-02-09T09:47:15</date>
  <millis>1518151635310</millis>
  <sequence>28</sequence>
  <level>INFO</level>
  <class>com.kms.katalon.core.logging.KeywordLogger</class>
  <method>logMessage</method>
  <thread>1</thread>
  <message>Finding web element with id: &amp;apos;Object Repository/Authorization/input_login&amp;apos; located by &amp;apos;By.xpath: //*[@id=\&amp;quot;loginLayout\&amp;quot;]/div[2]/div[1]/div[2]/input&amp;apos; in &amp;apos;30&amp;apos; second(s)</message>
  <nestedLevel>1</nestedLevel>
</record>
<record>
  <date>2018-02-09T09:47:15</date>
  <millis>1518151635327</millis>
  <sequence>29</sequence>
  <level>INFO</level>
  <class>com.kms.katalon.core.logging.KeywordLogger</class>
  <method>logMessage</method>
  <thread>1</thread>
  <message>Found 1 web elements with id: &amp;apos;Object Repository/Authorization/input_login&amp;apos; located by &amp;apos;By.xpath: //*[@id=\&amp;quot;loginLayout\&amp;quot;]/div[2]/div[1]/div[2]/input&amp;apos; in &amp;apos;30&amp;apos; second(s)</message>
  <nestedLevel>1</nestedLevel>
</record>
<record>
  <date>2018-02-09T09:47:15</date>
  <millis>1518151635327</millis>
  <sequence>30</sequence>
  <level>PASSED</level>
  <class>com.kms.katalon.core.logging.KeywordLogger</class>
  <method>logMessage</method>
  <thread>1</thread>
  <message>Object &amp;apos;Object Repository/Authorization/input_login&amp;apos; is present</message>
  <nestedLevel>1</nestedLevel>
</record>
<record>
  <date>2018-02-09T09:47:15</date>
  <millis>1518151635328</millis>
  <sequence>31</sequence>
  <level>END</level>
  <class>com.kms.katalon.core.logging.KeywordLogger</class>
  <method>endKeyword</method>
  <thread>1</thread>
  <message>End action : waitForElementPresent</message>
  <nestedLevel>1</nestedLevel>
</record>
<record>
  <date>2018-02-09T09:47:15</date>
  <millis>1518151635328</millis>
  <sequence>32</sequence>
  <level>START</level>
  <class>com.kms.katalon.core.logging.KeywordLogger</class>
  <method>startKeyword</method>
  <thread>1</thread>
  <message>Start action : setText</message>
  <nestedLevel>1</nestedLevel>
  <property name="startLine">28</property>
  <property name="stepIndex">4</property>
</record>
<record>
  <date>2018-02-09T09:47:15</date>
  <millis>1518151635329</millis>
  <sequence>33</sequence>
  <level>INFO</level>
  <class>com.kms.katalon.core.logging.KeywordLogger</class>
  <method>logMessage</method>
  <thread>1</thread>
  <message>Finding Test Object with id &amp;apos;Object Repository/Authorization/input_login&amp;apos;</message>
  <nestedLevel>1</nestedLevel>
</record>
<record>
  <date>2018-02-09T09:47:15</date>
  <millis>1518151635337</millis>
  <sequence>34</sequence>
  <level>INFO</level>
  <class>com.kms.katalon.core.logging.KeywordLogger</class>
  <method>logMessage</method>
  <thread>1</thread>
  <message>Checking object</message>
  <nestedLevel>1</nestedLevel>
</record>
<record>
  <date>2018-02-09T09:47:15</date>
  <millis>1518151635338</millis>
  <sequence>35</sequence>
  <level>INFO</level>
  <class>com.kms.katalon.core.logging.KeywordLogger</class>
  <method>logMessage</method>
  <thread>1</thread>
  <message>Checking text</message>
  <nestedLevel>1</nestedLevel>
</record>
<record>
  <date>2018-02-09T09:47:15</date>
  <millis>1518151635338</millis>
  <sequence>36</sequence>
  <level>INFO</level>
  <class>com.kms.katalon.core.logging.KeywordLogger</class>
  <method>logMessage</method>
  <thread>1</thread>
  <message>Checking timeout</message>
  <nestedLevel>1</nestedLevel>
</record>
<record>
  <date>2018-02-09T09:47:15</date>
  <millis>1518151635338</millis>
  <sequence>37</sequence>
  <level>INFO</level>
  <class>com.kms.katalon.core.logging.KeywordLogger</class>
  <method>logMessage</method>
  <thread>1</thread>
  <message>Finding web element with id: &amp;apos;Object Repository/Authorization/input_login&amp;apos; located by &amp;apos;By.xpath: //*[@id=\&amp;quot;loginLayout\&amp;quot;]/div[2]/div[1]/div[2]/input&amp;apos; in &amp;apos;30&amp;apos; second(s)</message>
  <nestedLevel>1</nestedLevel>
</record>
<record>
  <date>2018-02-09T09:47:15</date>
  <millis>1518151635349</millis>
  <sequence>38</sequence>
  <level>INFO</level>
  <class>com.kms.katalon.core.logging.KeywordLogger</class>
  <method>logMessage</method>
  <thread>1</thread>
  <message>Found 1 web elements with id: &amp;apos;Object Repository/Authorization/input_login&amp;apos; located by &amp;apos;By.xpath: //*[@id=\&amp;quot;loginLayout\&amp;quot;]/div[2]/div[1]/div[2]/input&amp;apos; in &amp;apos;30&amp;apos; second(s)</message>
  <nestedLevel>1</nestedLevel>
</record>
<record>
  <date>2018-02-09T09:47:15</date>
  <millis>1518151635349</millis>
  <sequence>39</sequence>
  <level>INFO</level>
  <class>com.kms.katalon.core.logging.KeywordLogger</class>
  <method>logMessage</method>
  <thread>1</thread>
  <message>Clearing text of object &amp;apos;Object Repository/Authorization/input_login&amp;apos;</message>
  <nestedLevel>1</nestedLevel>
</record>
<record>
  <date>2018-02-09T09:47:15</date>
  <millis>1518151635368</millis>
  <sequence>40</sequence>
  <level>INFO</level>
  <class>com.kms.katalon.core.logging.KeywordLogger</class>
  <method>logMessage</method>
  <thread>1</thread>
  <message>Checking timeout</message>
  <nestedLevel>1</nestedLevel>
</record>
<record>
  <date>2018-02-09T09:47:15</date>
  <millis>1518151635368</millis>
  <sequence>41</sequence>
  <level>INFO</level>
  <class>com.kms.katalon.core.logging.KeywordLogger</class>
  <method>logMessage</method>
  <thread>1</thread>
  <message>Finding web element with id: &amp;apos;Object Repository/Authorization/input_login&amp;apos; located by &amp;apos;By.xpath: //*[@id=\&amp;quot;loginLayout\&amp;quot;]/div[2]/div[1]/div[2]/input&amp;apos; in &amp;apos;30&amp;apos; second(s)</message>
  <nestedLevel>1</nestedLevel>
</record>
<record>
  <date>2018-02-09T09:47:15</date>
  <millis>1518151635379</millis>
  <sequence>42</sequence>
  <level>INFO</level>
  <class>com.kms.katalon.core.logging.KeywordLogger</class>
  <method>logMessage</method>
  <thread>1</thread>
  <message>Found 1 web elements with id: &amp;apos;Object Repository/Authorization/input_login&amp;apos; located by &amp;apos;By.xpath: //*[@id=\&amp;quot;loginLayout\&amp;quot;]/div[2]/div[1]/div[2]/input&amp;apos; in &amp;apos;30&amp;apos; second(s)</message>
  <nestedLevel>1</nestedLevel>
</record>
<record>
  <date>2018-02-09T09:47:15</date>
  <millis>1518151635383</millis>
  <sequence>43</sequence>
  <level>INFO</level>
  <class>com.kms.katalon.core.logging.KeywordLogger</class>
  <method>logMessage</method>
  <thread>1</thread>
  <message>Setting text of object &amp;apos;Object Repository/Authorization/input_login&amp;apos; to value &amp;apos;777&amp;apos;</message>
  <nestedLevel>1</nestedLevel>
</record>
<record>
  <date>2018-02-09T09:47:15</date>
  <millis>1518151635423</millis>
  <sequence>44</sequence>
  <level>PASSED</level>
  <class>com.kms.katalon.core.logging.KeywordLogger</class>
  <method>logMessage</method>
  <thread>1</thread>
  <message>Text &amp;apos;777&amp;apos; is set on object &amp;apos;Object Repository/Authorization/input_login&amp;apos;</message>
  <nestedLevel>1</nestedLevel>
</record>
<record>
  <date>2018-02-09T09:47:15</date>
  <millis>1518151635424</millis>
  <sequence>45</sequence>
  <level>END</level>
  <class>com.kms.katalon.core.logging.KeywordLogger</class>
  <method>endKeyword</method>
  <thread>1</thread>
  <message>End action : setText</message>
  <nestedLevel>1</nestedLevel>
</record>
<record>
  <date>2018-02-09T09:47:15</date>
  <millis>1518151635424</millis>
  <sequence>46</sequence>
  <level>START</level>
  <class>com.kms.katalon.core.logging.KeywordLogger</class>
  <method>startKeyword</method>
  <thread>1</thread>
  <message>Start action : setText</message>
  <nestedLevel>1</nestedLevel>
  <property name="startLine">30</property>
  <property name="stepIndex">5</property>
</record>
<record>
  <date>2018-02-09T09:47:15</date>
  <millis>1518151635425</millis>
  <sequence>47</sequence>
  <level>INFO</level>
  <class>com.kms.katalon.core.logging.KeywordLogger</class>
  <method>logMessage</method>
  <thread>1</thread>
  <message>Finding Test Object with id &amp;apos;Object Repository/Authorization/input_password&amp;apos;</message>
  <nestedLevel>1</nestedLevel>
</record>
<record>
  <date>2018-02-09T09:47:15</date>
  <millis>1518151635428</millis>
  <sequence>48</sequence>
  <level>INFO</level>
  <class>com.kms.katalon.core.logging.KeywordLogger</class>
  <method>logMessage</method>
  <thread>1</thread>
  <message>Checking object</message>
  <nestedLevel>1</nestedLevel>
</record>
<record>
  <date>2018-02-09T09:47:15</date>
  <millis>1518151635429</millis>
  <sequence>49</sequence>
  <level>INFO</level>
  <class>com.kms.katalon.core.logging.KeywordLogger</class>
  <method>logMessage</method>
  <thread>1</thread>
  <message>Checking text</message>
  <nestedLevel>1</nestedLevel>
</record>
<record>
  <date>2018-02-09T09:47:15</date>
  <millis>1518151635429</millis>
  <sequence>50</sequence>
  <level>INFO</level>
  <class>com.kms.katalon.core.logging.KeywordLogger</class>
  <method>logMessage</method>
  <thread>1</thread>
  <message>Checking timeout</message>
  <nestedLevel>1</nestedLevel>
</record>
<record>
  <date>2018-02-09T09:47:15</date>
  <millis>1518151635429</millis>
  <sequence>51</sequence>
  <level>INFO</level>
  <class>com.kms.katalon.core.logging.KeywordLogger</class>
  <method>logMessage</method>
  <thread>1</thread>
  <message>Finding web element with id: &amp;apos;Object Repository/Authorization/input_password&amp;apos; located by &amp;apos;By.xpath: //*[@id=\&amp;quot;loginLayout\&amp;quot;]/div[2]/div[2]/div[2]/input&amp;apos; in &amp;apos;30&amp;apos; second(s)</message>
  <nestedLevel>1</nestedLevel>
</record>
<record>
  <date>2018-02-09T09:47:15</date>
  <millis>1518151635444</millis>
  <sequence>52</sequence>
  <level>INFO</level>
  <class>com.kms.katalon.core.logging.KeywordLogger</class>
  <method>logMessage</method>
  <thread>1</thread>
  <message>Found 1 web elements with id: &amp;apos;Object Repository/Authorization/input_password&amp;apos; located by &amp;apos;By.xpath: //*[@id=\&amp;quot;loginLayout\&amp;quot;]/div[2]/div[2]/div[2]/input&amp;apos; in &amp;apos;30&amp;apos; second(s)</message>
  <nestedLevel>1</nestedLevel>
</record>
<record>
  <date>2018-02-09T09:47:15</date>
  <millis>1518151635445</millis>
  <sequence>53</sequence>
  <level>INFO</level>
  <class>com.kms.katalon.core.logging.KeywordLogger</class>
  <method>logMessage</method>
  <thread>1</thread>
  <message>Clearing text of object &amp;apos;Object Repository/Authorization/input_password&amp;apos;</message>
  <nestedLevel>1</nestedLevel>
</record>
<record>
  <date>2018-02-09T09:47:15</date>
  <millis>1518151635462</millis>
  <sequence>54</sequence>
  <level>INFO</level>
  <class>com.kms.katalon.core.logging.KeywordLogger</class>
  <method>logMessage</method>
  <thread>1</thread>
  <message>Checking timeout</message>
  <nestedLevel>1</nestedLevel>
</record>
<record>
  <date>2018-02-09T09:47:15</date>
  <millis>1518151635462</millis>
  <sequence>55</sequence>
  <level>INFO</level>
  <class>com.kms.katalon.core.logging.KeywordLogger</class>
  <method>logMessage</method>
  <thread>1</thread>
  <message>Finding web element with id: &amp;apos;Object Repository/Authorization/input_password&amp;apos; located by &amp;apos;By.xpath: //*[@id=\&amp;quot;loginLayout\&amp;quot;]/div[2]/div[2]/div[2]/input&amp;apos; in &amp;apos;30&amp;apos; second(s)</message>
  <nestedLevel>1</nestedLevel>
</record>
<record>
  <date>2018-02-09T09:47:15</date>
  <millis>1518151635473</millis>
  <sequence>56</sequence>
  <level>INFO</level>
  <class>com.kms.katalon.core.logging.KeywordLogger</class>
  <method>logMessage</method>
  <thread>1</thread>
  <message>Found 1 web elements with id: &amp;apos;Object Repository/Authorization/input_password&amp;apos; located by &amp;apos;By.xpath: //*[@id=\&amp;quot;loginLayout\&amp;quot;]/div[2]/div[2]/div[2]/input&amp;apos; in &amp;apos;30&amp;apos; second(s)</message>
  <nestedLevel>1</nestedLevel>
</record>
<record>
  <date>2018-02-09T09:47:15</date>
  <millis>1518151635474</millis>
  <sequence>57</sequence>
  <level>INFO</level>
  <class>com.kms.katalon.core.logging.KeywordLogger</class>
  <method>logMessage</method>
  <thread>1</thread>
  <message>Setting text of object &amp;apos;Object Repository/Authorization/input_password&amp;apos; to value &amp;apos;7p15j9w2a&amp;apos;</message>
  <nestedLevel>1</nestedLevel>
</record>
<record>
  <date>2018-02-09T09:47:15</date>
  <millis>1518151635522</millis>
  <sequence>58</sequence>
  <level>PASSED</level>
  <class>com.kms.katalon.core.logging.KeywordLogger</class>
  <method>logMessage</method>
  <thread>1</thread>
  <message>Text &amp;apos;7p15j9w2a&amp;apos; is set on object &amp;apos;Object Repository/Authorization/input_password&amp;apos;</message>
  <nestedLevel>1</nestedLevel>
</record>
<record>
  <date>2018-02-09T09:47:15</date>
  <millis>1518151635522</millis>
  <sequence>59</sequence>
  <level>END</level>
  <class>com.kms.katalon.core.logging.KeywordLogger</class>
  <method>endKeyword</method>
  <thread>1</thread>
  <message>End action : setText</message>
  <nestedLevel>1</nestedLevel>
</record>
<record>
  <date>2018-02-09T09:47:15</date>
  <millis>1518151635523</millis>
  <sequence>60</sequence>
  <level>START</level>
  <class>com.kms.katalon.core.logging.KeywordLogger</class>
  <method>startKeyword</method>
  <thread>1</thread>
  <message>Start action : click</message>
  <nestedLevel>1</nestedLevel>
  <property name="startLine">32</property>
  <property name="stepIndex">6</property>
</record>
<record>
  <date>2018-02-09T09:47:15</date>
  <millis>1518151635523</millis>
  <sequence>61</sequence>
  <level>INFO</level>
  <class>com.kms.katalon.core.logging.KeywordLogger</class>
  <method>logMessage</method>
  <thread>1</thread>
  <message>Finding Test Object with id &amp;apos;Object Repository/Authorization/btn_login&amp;apos;</message>
  <nestedLevel>1</nestedLevel>
</record>
<record>
  <date>2018-02-09T09:47:15</date>
  <millis>1518151635531</millis>
  <sequence>62</sequence>
  <level>INFO</level>
  <class>com.kms.katalon.core.logging.KeywordLogger</class>
  <method>logMessage</method>
  <thread>1</thread>
  <message>Checking object</message>
  <nestedLevel>1</nestedLevel>
</record>
<record>
  <date>2018-02-09T09:47:15</date>
  <millis>1518151635532</millis>
  <sequence>63</sequence>
  <level>INFO</level>
  <class>com.kms.katalon.core.logging.KeywordLogger</class>
  <method>logMessage</method>
  <thread>1</thread>
  <message>Checking timeout</message>
  <nestedLevel>1</nestedLevel>
</record>
<record>
  <date>2018-02-09T09:47:15</date>
  <millis>1518151635532</millis>
  <sequence>64</sequence>
  <level>INFO</level>
  <class>com.kms.katalon.core.logging.KeywordLogger</class>
  <method>logMessage</method>
  <thread>1</thread>
  <message>Finding web element with id: &amp;apos;Object Repository/Authorization/btn_login&amp;apos; located by &amp;apos;By.xpath: //*[@id=\&amp;quot;loginLayout\&amp;quot;]/div[2]/div[3]/div[2]/div/p&amp;apos; in &amp;apos;30&amp;apos; second(s)</message>
  <nestedLevel>1</nestedLevel>
</record>
<record>
  <date>2018-02-09T09:47:15</date>
  <millis>1518151635546</millis>
  <sequence>65</sequence>
  <level>INFO</level>
  <class>com.kms.katalon.core.logging.KeywordLogger</class>
  <method>logMessage</method>
  <thread>1</thread>
  <message>Found 1 web elements with id: &amp;apos;Object Repository/Authorization/btn_login&amp;apos; located by &amp;apos;By.xpath: //*[@id=\&amp;quot;loginLayout\&amp;quot;]/div[2]/div[3]/div[2]/div/p&amp;apos; in &amp;apos;30&amp;apos; second(s)</message>
  <nestedLevel>1</nestedLevel>
</record>
<record>
  <date>2018-02-09T09:47:15</date>
  <millis>1518151635547</millis>
  <sequence>66</sequence>
  <level>INFO</level>
  <class>com.kms.katalon.core.logging.KeywordLogger</class>
  <method>logMessage</method>
  <thread>1</thread>
  <message>Clicking on object: &amp;apos;Object Repository/Authorization/btn_login&amp;apos;</message>
  <nestedLevel>1</nestedLevel>
</record>
<record>
  <date>2018-02-09T09:47:15</date>
  <millis>1518151635608</millis>
  <sequence>67</sequence>
  <level>PASSED</level>
  <class>com.kms.katalon.core.logging.KeywordLogger</class>
  <method>logMessage</method>
  <thread>1</thread>
  <message>Object: &amp;apos;Object Repository/Authorization/btn_login&amp;apos; is clicked on</message>
  <nestedLevel>1</nestedLevel>
</record>
<record>
  <date>2018-02-09T09:47:15</date>
  <millis>1518151635608</millis>
  <sequence>68</sequence>
  <level>END</level>
  <class>com.kms.katalon.core.logging.KeywordLogger</class>
  <method>endKeyword</method>
  <thread>1</thread>
  <message>End action : click</message>
  <nestedLevel>1</nestedLevel>
</record>
<record>
  <date>2018-02-09T09:47:15</date>
  <millis>1518151635608</millis>
  <sequence>69</sequence>
  <level>PASSED</level>
  <class>com.kms.katalon.core.logging.KeywordLogger</class>
  <method>logMessage</method>
  <thread>1</thread>
  <message>Test Cases/Authorization_Admin</message>
  <nestedLevel>1</nestedLevel>
</record>
<record>
  <date>2018-02-09T09:47:15</date>
  <millis>1518151635611</millis>
  <sequence>70</sequence>
  <level>END</level>
  <class>com.kms.katalon.core.logging.KeywordLogger</class>
  <method>endTest</method>
  <thread>1</thread>
  <message>End Test Case : Test Cases/Authorization_Admin</message>
  <nestedLevel>0</nestedLevel>
</record>
<record>
  <date>2018-02-09T09:47:15</date>
  <millis>1518151635613</millis>
  <sequence>71</sequence>
  <level>START</level>
  <class>com.kms.katalon.core.logging.KeywordLogger</class>
  <method>startTest</method>
  <thread>1</thread>
  <message>Start Test Case : Test Cases/Add_User_Role</message>
  <nestedLevel>1</nestedLevel>
  <property name="name">Test Cases/Add_User_Role</property>
  <property name="description"></property>
  <property name="id">Test Cases/Add_User_Role</property>
  <property name="source">C:\\Users\\21529\\Katalon Studio\\First sample\\Test Cases\\Add_User_Role.tc</property>
  <property name="isOptional">false</property>
</record>
<record>
  <date>2018-02-09T09:47:15</date>
  <millis>1518151635616</millis>
  <sequence>72</sequence>
  <level>INFO</level>
  <class>com.kms.katalon.core.logging.KeywordLogger</class>
  <method>logMessage</method>
  <thread>1</thread>
  <message>Evaluating variables for test case</message>
  <nestedLevel>1</nestedLevel>
</record>
<record>
  <date>2018-02-09T09:47:15</date>
  <millis>1518151635706</millis>
  <sequence>73</sequence>
  <level>START</level>
  <class>com.kms.katalon.core.logging.KeywordLogger</class>
  <method>startKeyword</method>
  <thread>1</thread>
  <message>Start action : navigateToUrl</message>
  <nestedLevel>1</nestedLevel>
  <property name="startLine">22</property>
  <property name="stepIndex">1</property>
</record>
<record>
  <date>2018-02-09T09:47:15</date>
  <millis>1518151635712</millis>
  <sequence>74</sequence>
  <level>INFO</level>
  <class>com.kms.katalon.core.logging.KeywordLogger</class>
  <method>logMessage</method>
  <thread>1</thread>
  <message>Checking url</message>
  <nestedLevel>1</nestedLevel>
</record>
<record>
  <date>2018-02-09T09:47:15</date>
  <millis>1518151635712</millis>
  <sequence>75</sequence>
  <level>INFO</level>
  <class>com.kms.katalon.core.logging.KeywordLogger</class>
  <method>logMessage</method>
  <thread>1</thread>
  <message>Navigating to &amp;apos;http://vszokdb2:55555/#/admin/data/hierarchy&amp;apos;</message>
  <nestedLevel>1</nestedLevel>
</record>
<record>
  <date>2018-02-09T09:47:15</date>
  <millis>1518151635759</millis>
  <sequence>76</sequence>
  <level>PASSED</level>
  <class>com.kms.katalon.core.logging.KeywordLogger</class>
  <method>logMessage</method>
  <thread>1</thread>
  <message>Navigate to &amp;apos;http://vszokdb2:55555/#/admin/data/hierarchy&amp;apos; successfully</message>
  <nestedLevel>1</nestedLevel>
</record>
<record>
  <date>2018-02-09T09:47:15</date>
  <millis>1518151635759</millis>
  <sequence>77</sequence>
  <level>END</level>
  <class>com.kms.katalon.core.logging.KeywordLogger</class>
  <method>endKeyword</method>
  <thread>1</thread>
  <message>End action : navigateToUrl</message>
  <nestedLevel>1</nestedLevel>
</record>
<record>
  <date>2018-02-09T09:47:15</date>
  <millis>1518151635759</millis>
  <sequence>78</sequence>
  <level>START</level>
  <class>com.kms.katalon.core.logging.KeywordLogger</class>
  <method>startKeyword</method>
  <thread>1</thread>
  <message>Start action : waitForElementPresent</message>
  <nestedLevel>1</nestedLevel>
  <property name="startLine">24</property>
  <property name="stepIndex">2</property>
</record>
<record>
  <date>2018-02-09T09:47:15</date>
  <millis>1518151635760</millis>
  <sequence>79</sequence>
  <level>INFO</level>
  <class>com.kms.katalon.core.logging.KeywordLogger</class>
  <method>logMessage</method>
  <thread>1</thread>
  <message>Finding Test Object with id &amp;apos;Object Repository/Users/span_Users&amp;apos;</message>
  <nestedLevel>1</nestedLevel>
</record>
<record>
  <date>2018-02-09T09:47:15</date>
  <millis>1518151635762</millis>
  <sequence>80</sequence>
  <level>INFO</level>
  <class>com.kms.katalon.core.logging.KeywordLogger</class>
  <method>logMessage</method>
  <thread>1</thread>
  <message>Checking object</message>
  <nestedLevel>1</nestedLevel>
</record>
<record>
  <date>2018-02-09T09:47:15</date>
  <millis>1518151635762</millis>
  <sequence>81</sequence>
  <level>INFO</level>
  <class>com.kms.katalon.core.logging.KeywordLogger</class>
  <method>logMessage</method>
  <thread>1</thread>
  <message>Checking timeout</message>
  <nestedLevel>1</nestedLevel>
</record>
<record>
  <date>2018-02-09T09:47:15</date>
  <millis>1518151635769</millis>
  <sequence>82</sequence>
  <level>INFO</level>
  <class>com.kms.katalon.core.logging.KeywordLogger</class>
  <method>logMessage</method>
  <thread>1</thread>
  <message>Finding web element with id: &amp;apos;Object Repository/Users/span_Users&amp;apos; located by &amp;apos;By.xpath: id(\&amp;quot;angular-root-control\&amp;quot;)/div[@class=\&amp;quot;ng-scope\&amp;quot;]/div[@class=\&amp;quot;primary-sidebar-admin ng-scope\&amp;quot;]/ul[@class=\&amp;quot;nav nav-stacked\&amp;quot;]/li[@class=\&amp;quot;dark-nav\&amp;quot;]/a[1]/span[@class=\&amp;quot;ng-binding\&amp;quot;][count(. | //span[(text() = &amp;apos;\u041F\u043E\u043B\u044C\u0437\u043E\u0432\u0430\u0442\u0435\u043B\u0438&amp;apos; or . = &amp;apos;\u041F\u043E\u043B\u044C\u0437\u043E\u0432\u0430\u0442\u0435\u043B\u0438&amp;apos;)]) = count(//span[(text() = &amp;apos;\u041F\u043E\u043B\u044C\u0437\u043E\u0432\u0430\u0442\u0435\u043B\u0438&amp;apos; or . = &amp;apos;\u041F\u043E\u043B\u044C\u0437\u043E\u0432\u0430\u0442\u0435\u043B\u0438&amp;apos;)])]&amp;apos; in &amp;apos;30&amp;apos; second(s)</message>
  <nestedLevel>1</nestedLevel>
</record>
<record>
  <date>2018-02-09T09:47:15</date>
  <millis>1518151635839</millis>
  <sequence>83</sequence>
  <level>INFO</level>
  <class>com.kms.katalon.core.logging.KeywordLogger</class>
  <method>logMessage</method>
  <thread>1</thread>
  <message>Found 1 web elements with id: &amp;apos;Object Repository/Users/span_Users&amp;apos; located by &amp;apos;By.xpath: id(\&amp;quot;angular-root-control\&amp;quot;)/div[@class=\&amp;quot;ng-scope\&amp;quot;]/div[@class=\&amp;quot;primary-sidebar-admin ng-scope\&amp;quot;]/ul[@class=\&amp;quot;nav nav-stacked\&amp;quot;]/li[@class=\&amp;quot;dark-nav\&amp;quot;]/a[1]/span[@class=\&amp;quot;ng-binding\&amp;quot;][count(. | //span[(text() = &amp;apos;\u041F\u043E\u043B\u044C\u0437\u043E\u0432\u0430\u0442\u0435\u043B\u0438&amp;apos; or . = &amp;apos;\u041F\u043E\u043B\u044C\u0437\u043E\u0432\u0430\u0442\u0435\u043B\u0438&amp;apos;)]) = count(//span[(text() = &amp;apos;\u041F\u043E\u043B\u044C\u0437\u043E\u0432\u0430\u0442\u0435\u043B\u0438&amp;apos; or . = &amp;apos;\u041F\u043E\u043B\u044C\u0437\u043E\u0432\u0430\u0442\u0435\u043B\u0438&amp;apos;)])]&amp;apos; in &amp;apos;30&amp;apos; second(s)</message>
  <nestedLevel>1</nestedLevel>
</record>
<record>
  <date>2018-02-09T09:47:15</date>
  <millis>1518151635839</millis>
  <sequence>84</sequence>
  <level>PASSED</level>
  <class>com.kms.katalon.core.logging.KeywordLogger</class>
  <method>logMessage</method>
  <thread>1</thread>
  <message>Object &amp;apos;Object Repository/Users/span_Users&amp;apos; is present</message>
  <nestedLevel>1</nestedLevel>
</record>
<record>
  <date>2018-02-09T09:47:15</date>
  <millis>1518151635840</millis>
  <sequence>85</sequence>
  <level>END</level>
  <class>com.kms.katalon.core.logging.KeywordLogger</class>
  <method>endKeyword</method>
  <thread>1</thread>
  <message>End action : waitForElementPresent</message>
  <nestedLevel>1</nestedLevel>
</record>
<record>
  <date>2018-02-09T09:47:15</date>
  <millis>1518151635840</millis>
  <sequence>86</sequence>
  <level>START</level>
  <class>com.kms.katalon.core.logging.KeywordLogger</class>
  <method>startKeyword</method>
  <thread>1</thread>
  <message>Start action : click</message>
  <nestedLevel>1</nestedLevel>
  <property name="startLine">26</property>
  <property name="stepIndex">3</property>
</record>
<record>
  <date>2018-02-09T09:47:15</date>
  <millis>1518151635840</millis>
  <sequence>87</sequence>
  <level>INFO</level>
  <class>com.kms.katalon.core.logging.KeywordLogger</class>
  <method>logMessage</method>
  <thread>1</thread>
  <message>Finding Test Object with id &amp;apos;Object Repository/Users/span_Users&amp;apos;</message>
  <nestedLevel>1</nestedLevel>
</record>
<record>
  <date>2018-02-09T09:47:15</date>
  <millis>1518151635842</millis>
  <sequence>88</sequence>
  <level>INFO</level>
  <class>com.kms.katalon.core.logging.KeywordLogger</class>
  <method>logMessage</method>
  <thread>1</thread>
  <message>Checking object</message>
  <nestedLevel>1</nestedLevel>
</record>
<record>
  <date>2018-02-09T09:47:15</date>
  <millis>1518151635843</millis>
  <sequence>89</sequence>
  <level>INFO</level>
  <class>com.kms.katalon.core.logging.KeywordLogger</class>
  <method>logMessage</method>
  <thread>1</thread>
  <message>Checking timeout</message>
  <nestedLevel>1</nestedLevel>
</record>
<record>
  <date>2018-02-09T09:47:15</date>
  <millis>1518151635843</millis>
  <sequence>90</sequence>
  <level>INFO</level>
  <class>com.kms.katalon.core.logging.KeywordLogger</class>
  <method>logMessage</method>
  <thread>1</thread>
  <message>Finding web element with id: &amp;apos;Object Repository/Users/span_Users&amp;apos; located by &amp;apos;By.xpath: id(\&amp;quot;angular-root-control\&amp;quot;)/div[@class=\&amp;quot;ng-scope\&amp;quot;]/div[@class=\&amp;quot;primary-sidebar-admin ng-scope\&amp;quot;]/ul[@class=\&amp;quot;nav nav-stacked\&amp;quot;]/li[@class=\&amp;quot;dark-nav\&amp;quot;]/a[1]/span[@class=\&amp;quot;ng-binding\&amp;quot;][count(. | //span[(text() = &amp;apos;\u041F\u043E\u043B\u044C\u0437\u043E\u0432\u0430\u0442\u0435\u043B\u0438&amp;apos; or . = &amp;apos;\u041F\u043E\u043B\u044C\u0437\u043E\u0432\u0430\u0442\u0435\u043B\u0438&amp;apos;)]) = count(//span[(text() = &amp;apos;\u041F\u043E\u043B\u044C\u0437\u043E\u0432\u0430\u0442\u0435\u043B\u0438&amp;apos; or . = &amp;apos;\u041F\u043E\u043B\u044C\u0437\u043E\u0432\u0430\u0442\u0435\u043B\u0438&amp;apos;)])]&amp;apos; in &amp;apos;30&amp;apos; second(s)</message>
  <nestedLevel>1</nestedLevel>
</record>
<record>
  <date>2018-02-09T09:47:15</date>
  <millis>1518151635856</millis>
  <sequence>91</sequence>
  <level>INFO</level>
  <class>com.kms.katalon.core.logging.KeywordLogger</class>
  <method>logMessage</method>
  <thread>1</thread>
  <message>Found 1 web elements with id: &amp;apos;Object Repository/Users/span_Users&amp;apos; located by &amp;apos;By.xpath: id(\&amp;quot;angular-root-control\&amp;quot;)/div[@class=\&amp;quot;ng-scope\&amp;quot;]/div[@class=\&amp;quot;primary-sidebar-admin ng-scope\&amp;quot;]/ul[@class=\&amp;quot;nav nav-stacked\&amp;quot;]/li[@class=\&amp;quot;dark-nav\&amp;quot;]/a[1]/span[@class=\&amp;quot;ng-binding\&amp;quot;][count(. | //span[(text() = &amp;apos;\u041F\u043E\u043B\u044C\u0437\u043E\u0432\u0430\u0442\u0435\u043B\u0438&amp;apos; or . = &amp;apos;\u041F\u043E\u043B\u044C\u0437\u043E\u0432\u0430\u0442\u0435\u043B\u0438&amp;apos;)]) = count(//span[(text() = &amp;apos;\u041F\u043E\u043B\u044C\u0437\u043E\u0432\u0430\u0442\u0435\u043B\u0438&amp;apos; or . = &amp;apos;\u041F\u043E\u043B\u044C\u0437\u043E\u0432\u0430\u0442\u0435\u043B\u0438&amp;apos;)])]&amp;apos; in &amp;apos;30&amp;apos; second(s)</message>
  <nestedLevel>1</nestedLevel>
</record>
<record>
  <date>2018-02-09T09:47:15</date>
  <millis>1518151635857</millis>
  <sequence>92</sequence>
  <level>INFO</level>
  <class>com.kms.katalon.core.logging.KeywordLogger</class>
  <method>logMessage</method>
  <thread>1</thread>
  <message>Clicking on object: &amp;apos;Object Repository/Users/span_Users&amp;apos;</message>
  <nestedLevel>1</nestedLevel>
</record>
<record>
  <date>2018-02-09T09:47:15</date>
  <millis>1518151635909</millis>
  <sequence>93</sequence>
  <level>PASSED</level>
  <class>com.kms.katalon.core.logging.KeywordLogger</class>
  <method>logMessage</method>
  <thread>1</thread>
  <message>Object: &amp;apos;Object Repository/Users/span_Users&amp;apos; is clicked on</message>
  <nestedLevel>1</nestedLevel>
</record>
<record>
  <date>2018-02-09T09:47:15</date>
  <millis>1518151635910</millis>
  <sequence>94</sequence>
  <level>END</level>
  <class>com.kms.katalon.core.logging.KeywordLogger</class>
  <method>endKeyword</method>
  <thread>1</thread>
  <message>End action : click</message>
  <nestedLevel>1</nestedLevel>
</record>
<record>
  <date>2018-02-09T09:47:15</date>
  <millis>1518151635910</millis>
  <sequence>95</sequence>
  <level>START</level>
  <class>com.kms.katalon.core.logging.KeywordLogger</class>
  <method>startKeyword</method>
  <thread>1</thread>
  <message>Start action : setText</message>
  <nestedLevel>1</nestedLevel>
  <property name="startLine">28</property>
  <property name="stepIndex">4</property>
</record>
<record>
  <date>2018-02-09T09:47:15</date>
  <millis>1518151635911</millis>
  <sequence>96</sequence>
  <level>INFO</level>
  <class>com.kms.katalon.core.logging.KeywordLogger</class>
  <method>logMessage</method>
  <thread>1</thread>
  <message>Finding Test Object with id &amp;apos;Object Repository/Users/User_Login&amp;apos;</message>
  <nestedLevel>1</nestedLevel>
</record>
<record>
  <date>2018-02-09T09:47:15</date>
  <millis>1518151635913</millis>
  <sequence>97</sequence>
  <level>INFO</level>
  <class>com.kms.katalon.core.logging.KeywordLogger</class>
  <method>logMessage</method>
  <thread>1</thread>
  <message>Checking object</message>
  <nestedLevel>1</nestedLevel>
</record>
<record>
  <date>2018-02-09T09:47:15</date>
  <millis>1518151635913</millis>
  <sequence>98</sequence>
  <level>INFO</level>
  <class>com.kms.katalon.core.logging.KeywordLogger</class>
  <method>logMessage</method>
  <thread>1</thread>
  <message>Checking text</message>
  <nestedLevel>1</nestedLevel>
</record>
<record>
  <date>2018-02-09T09:47:15</date>
  <millis>1518151635913</millis>
  <sequence>99</sequence>
  <level>INFO</level>
  <class>com.kms.katalon.core.logging.KeywordLogger</class>
  <method>logMessage</method>
  <thread>1</thread>
  <message>Checking timeout</message>
  <nestedLevel>1</nestedLevel>
</record>
<record>
  <date>2018-02-09T09:47:15</date>
  <millis>1518151635913</millis>
  <sequence>100</sequence>
  <level>INFO</level>
  <class>com.kms.katalon.core.logging.KeywordLogger</class>
  <method>logMessage</method>
  <thread>1</thread>
  <message>Finding web element with id: &amp;apos;Object Repository/Users/User_Login&amp;apos; located by &amp;apos;By.xpath: //*[@id=\&amp;quot;blockContainer\&amp;quot;]/div/div[2]/custom-grid-simple/custom-grid/div[1]/div[2]/table/thead/tr[2]/th[1]/div[1]/input&amp;apos; in &amp;apos;30&amp;apos; second(s)</message>
  <nestedLevel>1</nestedLevel>
</record>
<record>
  <date>2018-02-09T09:47:17</date>
  <millis>1518151637443</millis>
  <sequence>101</sequence>
  <level>INFO</level>
  <class>com.kms.katalon.core.logging.KeywordLogger</class>
  <method>logMessage</method>
  <thread>1</thread>
  <message>Found 1 web elements with id: &amp;apos;Object Repository/Users/User_Login&amp;apos; located by &amp;apos;By.xpath: //*[@id=\&amp;quot;blockContainer\&amp;quot;]/div/div[2]/custom-grid-simple/custom-grid/div[1]/div[2]/table/thead/tr[2]/th[1]/div[1]/input&amp;apos; in &amp;apos;30&amp;apos; second(s)</message>
  <nestedLevel>1</nestedLevel>
</record>
<record>
  <date>2018-02-09T09:47:17</date>
  <millis>1518151637444</millis>
  <sequence>102</sequence>
  <level>INFO</level>
  <class>com.kms.katalon.core.logging.KeywordLogger</class>
  <method>logMessage</method>
  <thread>1</thread>
  <message>Clearing text of object &amp;apos;Object Repository/Users/User_Login&amp;apos;</message>
  <nestedLevel>1</nestedLevel>
</record>
<record>
  <date>2018-02-09T09:47:17</date>
  <millis>1518151637479</millis>
  <sequence>103</sequence>
  <level>INFO</level>
  <class>com.kms.katalon.core.logging.KeywordLogger</class>
  <method>logMessage</method>
  <thread>1</thread>
  <message>Checking timeout</message>
  <nestedLevel>1</nestedLevel>
</record>
<record>
  <date>2018-02-09T09:47:17</date>
  <millis>1518151637479</millis>
  <sequence>104</sequence>
  <level>INFO</level>
  <class>com.kms.katalon.core.logging.KeywordLogger</class>
  <method>logMessage</method>
  <thread>1</thread>
  <message>Finding web element with id: &amp;apos;Object Repository/Users/User_Login&amp;apos; located by &amp;apos;By.xpath: //*[@id=\&amp;quot;blockContainer\&amp;quot;]/div/div[2]/custom-grid-simple/custom-grid/div[1]/div[2]/table/thead/tr[2]/th[1]/div[1]/input&amp;apos; in &amp;apos;30&amp;apos; second(s)</message>
  <nestedLevel>1</nestedLevel>
</record>
<record>
  <date>2018-02-09T09:47:17</date>
  <millis>1518151637493</millis>
  <sequence>105</sequence>
  <level>INFO</level>
  <class>com.kms.katalon.core.logging.KeywordLogger</class>
  <method>logMessage</method>
  <thread>1</thread>
  <message>Found 1 web elements with id: &amp;apos;Object Repository/Users/User_Login&amp;apos; located by &amp;apos;By.xpath: //*[@id=\&amp;quot;blockContainer\&amp;quot;]/div/div[2]/custom-grid-simple/custom-grid/div[1]/div[2]/table/thead/tr[2]/th[1]/div[1]/input&amp;apos; in &amp;apos;30&amp;apos; second(s)</message>
  <nestedLevel>1</nestedLevel>
</record>
<record>
  <date>2018-02-09T09:47:17</date>
  <millis>1518151637493</millis>
  <sequence>106</sequence>
  <level>INFO</level>
  <class>com.kms.katalon.core.logging.KeywordLogger</class>
  <method>logMessage</method>
  <thread>1</thread>
  <message>Setting text of object &amp;apos;Object Repository/Users/User_Login&amp;apos; to value &amp;apos;\u0422\u0435\u0441\u0442\u043E\u0432\u044B\u0439 \u043F\u043E\u043B\u044C\u0437\u043E\u0432\u0430\u0442\u0435\u043B\u044C Katalon&amp;apos;</message>
  <nestedLevel>1</nestedLevel>
</record>
<record>
  <date>2018-02-09T09:47:18</date>
  <millis>1518151638129</millis>
  <sequence>107</sequence>
  <level>PASSED</level>
  <class>com.kms.katalon.core.logging.KeywordLogger</class>
  <method>logMessage</method>
  <thread>1</thread>
  <message>Text &amp;apos;\u0422\u0435\u0441\u0442\u043E\u0432\u044B\u0439 \u043F\u043E\u043B\u044C\u0437\u043E\u0432\u0430\u0442\u0435\u043B\u044C Katalon&amp;apos; is set on object &amp;apos;Object Repository/Users/User_Login&amp;apos;</message>
  <nestedLevel>1</nestedLevel>
</record>
<record>
  <date>2018-02-09T09:47:18</date>
  <millis>1518151638129</millis>
  <sequence>108</sequence>
  <level>END</level>
  <class>com.kms.katalon.core.logging.KeywordLogger</class>
  <method>endKeyword</method>
  <thread>1</thread>
  <message>End action : setText</message>
  <nestedLevel>1</nestedLevel>
</record>
<record>
  <date>2018-02-09T09:47:18</date>
  <millis>1518151638129</millis>
  <sequence>109</sequence>
  <level>PASSED</level>
  <class>com.kms.katalon.core.logging.KeywordLogger</class>
  <method>logMessage</method>
  <thread>1</thread>
  <message>Test Cases/Add_User_Role</message>
  <nestedLevel>1</nestedLevel>
</record>
<record>
  <date>2018-02-09T09:47:18</date>
  <millis>1518151638130</millis>
  <sequence>110</sequence>
  <level>END</level>
  <class>com.kms.katalon.core.logging.KeywordLogger</class>
  <method>endTest</method>
  <thread>1</thread>
  <message>End Test Case : Test Cases/Add_User_Role</message>
  <nestedLevel>0</nestedLevel>
</record>
<record>
  <date>2018-02-09T09:47:18</date>
  <millis>1518151638742</millis>
  <sequence>111</sequence>
  <level>END</level>
  <class>com.kms.katalon.core.logging.KeywordLogger</class>
  <method>endSuite</method>
  <thread>1</thread>
  <message>End Test Suite : Test Suites/Add user role</message>
  <nestedLevel>0</nestedLevel>
</record>
</log>
